  [1m[36m (0.8ms)[0m  [1mCREATE TABLE "schema_migrations" ("version" varchar(255) NOT NULL) [0m
  [1m[35m (0.1ms)[0m  select sqlite_version(*)
  [1m[36m (0.7ms)[0m  [1mCREATE UNIQUE INDEX "unique_schema_migrations" ON "schema_migrations" ("version")[0m
  [1m[35mActiveRecord::SchemaMigration Load (0.1ms)[0m  SELECT "schema_migrations".* FROM "schema_migrations"
  [1m[36mActiveRecord::SchemaMigration Load (0.1ms)[0m  [1mSELECT "schema_migrations".* FROM "schema_migrations"[0m
Migrating to CreateUsers (20140709034042)
  [1m[35m (0.1ms)[0m  begin transaction
  [1m[36m (0.6ms)[0m  [1mCREATE TABLE "users" ("id" INTEGER PRIMARY KEY AUTOINCREMENT NOT NULL, "phone_number" varchar(255), "password" varchar(255), "first_name" varchar(255), "last_name" varchar(255), "joined" datetime, "last_activity" datetime, "email" varchar(255), "UDID" varchar(255), "created_at" datetime, "updated_at" datetime) [0m
  [1m[35mSQL (0.2ms)[0m  INSERT INTO "schema_migrations" ("version") VALUES (?)  [["version", "20140709034042"]]
  [1m[36m (0.7ms)[0m  [1mcommit transaction[0m
  [1m[35mActiveRecord::SchemaMigration Load (0.1ms)[0m  SELECT "schema_migrations".* FROM "schema_migrations"


Started GET "/" for 127.0.0.1 at 2014-07-08 23:42:41 -0400
  [1m[36mActiveRecord::SchemaMigration Load (0.1ms)[0m  [1mSELECT "schema_migrations".* FROM "schema_migrations"[0m
Processing by Rails::WelcomeController#index as HTML
  Rendered /Users/david/.rvm/gems/ruby-2.1.1/gems/railties-4.1.0/lib/rails/templates/rails/welcome/index.html.erb (2.6ms)
Completed 200 OK in 19ms (Views: 9.9ms | ActiveRecord: 0.0ms)


Started GET "/" for 127.0.0.1 at 2014-07-08 23:42:44 -0400
Processing by Rails::WelcomeController#index as HTML
  Rendered /Users/david/.rvm/gems/ruby-2.1.1/gems/railties-4.1.0/lib/rails/templates/rails/welcome/index.html.erb (0.0ms)
Completed 200 OK in 2ms (Views: 2.0ms | ActiveRecord: 0.0ms)


Started GET "/" for 127.0.0.1 at 2014-07-08 23:42:44 -0400
Processing by Rails::WelcomeController#index as HTML
  Rendered /Users/david/.rvm/gems/ruby-2.1.1/gems/railties-4.1.0/lib/rails/templates/rails/welcome/index.html.erb (0.1ms)
Completed 200 OK in 1ms (Views: 0.8ms | ActiveRecord: 0.0ms)


Started GET "/" for 127.0.0.1 at 2014-07-08 23:42:44 -0400
Processing by Rails::WelcomeController#index as HTML
  Rendered /Users/david/.rvm/gems/ruby-2.1.1/gems/railties-4.1.0/lib/rails/templates/rails/welcome/index.html.erb (0.1ms)
Completed 200 OK in 1ms (Views: 1.0ms | ActiveRecord: 0.0ms)


Started GET "/" for 127.0.0.1 at 2014-07-08 23:42:44 -0400
Processing by Rails::WelcomeController#index as HTML
  Rendered /Users/david/.rvm/gems/ruby-2.1.1/gems/railties-4.1.0/lib/rails/templates/rails/welcome/index.html.erb (0.0ms)
Completed 200 OK in 1ms (Views: 0.7ms | ActiveRecord: 0.0ms)


Started GET "/users" for 127.0.0.1 at 2014-07-08 23:42:44 -0400
Processing by UsersController#index as HTML
  [1m[35mUser Load (0.4ms)[0m  SELECT "users".* FROM "users"
  Rendered users/index.html.erb within layouts/application (2.1ms)
Completed 200 OK in 450ms (Views: 446.9ms | ActiveRecord: 0.4ms)


Started GET "/assets/users.css?body=1" for 127.0.0.1 at 2014-07-08 23:42:45 -0400


Started GET "/assets/jquery_ujs.js?body=1" for 127.0.0.1 at 2014-07-08 23:42:45 -0400


Started GET "/assets/application.css?body=1" for 127.0.0.1 at 2014-07-08 23:42:45 -0400


Started GET "/assets/turbolinks.js?body=1" for 127.0.0.1 at 2014-07-08 23:42:45 -0400


Started GET "/assets/scaffolds.css?body=1" for 127.0.0.1 at 2014-07-08 23:42:45 -0400


Started GET "/assets/jquery.js?body=1" for 127.0.0.1 at 2014-07-08 23:42:45 -0400


Started GET "/assets/users.js?body=1" for 127.0.0.1 at 2014-07-08 23:42:45 -0400


Started GET "/assets/application.js?body=1" for 127.0.0.1 at 2014-07-08 23:42:45 -0400


Started GET "/users/new" for 127.0.0.1 at 2014-07-08 23:42:47 -0400
Processing by UsersController#new as HTML
  Rendered users/_form.html.erb (42.7ms)
  Rendered users/new.html.erb within layouts/application (50.9ms)
Completed 200 OK in 60ms (Views: 57.9ms | ActiveRecord: 0.3ms)


Started POST "/users" for 127.0.0.1 at 2014-07-08 23:42:55 -0400
Processing by UsersController#create as HTML
  Parameters: {"utf8"=>"✓", "authenticity_token"=>"DpSj/Yva+gNtiWMWJroxO4rYapl78fz6+NgyE+bxRHU=", "user"=>{"phone_number"=>"9177637884", "password"=>"[FILTERED]", "first_name"=>"David", "last_name"=>"Mandelbaum", "joined(1i)"=>"2014", "joined(2i)"=>"7", "joined(3i)"=>"9", "joined(4i)"=>"03", "joined(5i)"=>"42", "last_activity(1i)"=>"2014", "last_activity(2i)"=>"7", "last_activity(3i)"=>"9", "last_activity(4i)"=>"03", "last_activity(5i)"=>"42", "email"=>"", "UDID"=>""}, "commit"=>"Create User"}
  [1m[36m (0.1ms)[0m  [1mbegin transaction[0m
  [1m[35mSQL (1.5ms)[0m  INSERT INTO "users" ("UDID", "created_at", "email", "first_name", "joined", "last_activity", "last_name", "password", "phone_number", "updated_at") VALUES (?, ?, ?, ?, ?, ?, ?, ?, ?, ?)  [["UDID", ""], ["created_at", "2014-07-09 03:42:55.541209"], ["email", ""], ["first_name", "David"], ["joined", "2014-07-09 03:42:00.000000"], ["last_activity", "2014-07-09 03:42:00.000000"], ["last_name", "Mandelbaum"], ["password", "test"], ["phone_number", "9177637884"], ["updated_at", "2014-07-09 03:42:55.541209"]]
  [1m[36m (0.8ms)[0m  [1mcommit transaction[0m
Redirected to http://localhost:3000/users/1
Completed 302 Found in 16ms (ActiveRecord: 2.4ms)


Started GET "/users/1" for 127.0.0.1 at 2014-07-08 23:42:55 -0400
Processing by UsersController#show as HTML
  Parameters: {"id"=>"1"}
  [1m[35mUser Load (0.2ms)[0m  SELECT  "users".* FROM "users"  WHERE "users"."id" = ? LIMIT 1  [["id", 1]]
  Rendered users/show.html.erb within layouts/application (1.4ms)
Completed 200 OK in 8ms (Views: 5.5ms | ActiveRecord: 0.2ms)


Started GET "/users" for 127.0.0.1 at 2014-07-08 23:42:56 -0400
Processing by UsersController#index as HTML
  [1m[36mUser Load (0.2ms)[0m  [1mSELECT "users".* FROM "users"[0m
  Rendered users/index.html.erb within layouts/application (2.1ms)
Completed 200 OK in 7ms (Views: 6.0ms | ActiveRecord: 0.2ms)


Started GET "/users" for 127.0.0.1 at 2014-07-08 23:42:57 -0400
Processing by UsersController#index as HTML
  [1m[35mUser Load (0.2ms)[0m  SELECT "users".* FROM "users"
  Rendered users/index.html.erb within layouts/application (1.3ms)
Completed 200 OK in 39ms (Views: 5.0ms | ActiveRecord: 0.2ms)


Started GET "/assets/users.css?body=1" for 127.0.0.1 at 2014-07-08 23:42:57 -0400


Started GET "/assets/jquery_ujs.js?body=1" for 127.0.0.1 at 2014-07-08 23:42:57 -0400


Started GET "/assets/jquery.js?body=1" for 127.0.0.1 at 2014-07-08 23:42:57 -0400


Started GET "/assets/scaffolds.css?body=1" for 127.0.0.1 at 2014-07-08 23:42:57 -0400


Started GET "/assets/application.css?body=1" for 127.0.0.1 at 2014-07-08 23:42:57 -0400


Started GET "/assets/users.js?body=1" for 127.0.0.1 at 2014-07-08 23:42:57 -0400


Started GET "/assets/application.js?body=1" for 127.0.0.1 at 2014-07-08 23:42:57 -0400


Started GET "/assets/turbolinks.js?body=1" for 127.0.0.1 at 2014-07-08 23:42:57 -0400
